<?xml version="1.0" encoding="UTF-8"?>
<!-- Generated by org.testng.reporters.JUnitReportReporter -->
<testsuite hostname="DESKTOP-LKRLMEA" failures="0" tests="2" name="testScript.dependsonmethod" time="29.873" errors="0" timestamp="2024-04-25T15:33:50 GMT-07:00" skipped="0">
  <testcase classname="testScript.dependsonmethod" name="register" time="14.939"/>
  <testcase classname="testScript.dependsonmethod" name="register" time="14.934"/>
</testsuite> <!-- testScript.dependsonmethod -->
