<?xml version="1.0" encoding="UTF-8"?>
<!-- Generated by org.testng.reporters.JUnitReportReporter -->
<testsuite hostname="DESKTOP-LKRLMEA" failures="0" tests="1" name="testScript.BookTest" time="24.285" errors="0" timestamp="2024-04-25T15:38:22 GMT-07:00" skipped="0">
  <testcase classname="testScript.BookTest" name="books_001" time="24.285"/>
</testsuite> <!-- testScript.BookTest -->
